

> @basepop/web@0.1.0 lint /Users/philiphansen/Documents/dev/github/basepopV2/apps/web
> eslint .

[0m[0m
[0m[4m/Users/philiphansen/Documents/dev/github/basepopV2/apps/web/app/appComponents/DashboardTitle.tsx[24m[0m
[0m  [2m5:27[22m  [33mwarning[39m  'Newspaper' is defined but never used  [2m@typescript-eslint/no-unused-vars[22m[0m
[0m  [2m5:38[22m  [33mwarning[39m  'Megaphone' is defined but never used  [2m@typescript-eslint/no-unused-vars[22m[0m
[0m  [2m5:49[22m  [33mwarning[39m  'Send' is defined but never used       [2m@typescript-eslint/no-unused-vars[22m[0m
[0m  [2m5:55[22m  [33mwarning[39m  'LifeBuoy' is defined but never used   [2m@typescript-eslint/no-unused-vars[22m[0m
[0m  [2m5:65[22m  [33mwarning[39m  'Settings' is defined but never used   [2m@typescript-eslint/no-unused-vars[22m[0m
[0m[0m
[0m[4m/Users/philiphansen/Documents/dev/github/basepopV2/apps/web/app/appComponents/Filter.tsx[24m[0m
[0m  [2m15:26[22m  [33mwarning[39m  'Ellipsis' is defined but never used                                                                                                                                                               [2m@typescript-eslint/no-unused-vars[22m[0m
[0m  [2m47:18[22m  [31merror[39m    React Hook "useRouter" is called conditionally. React Hooks must be called in the exact same order in every component render. Did you accidentally call a React Hook after an early return?        [2mreact-hooks/rules-of-hooks[22m[0m
[0m  [2m48:20[22m  [31merror[39m    React Hook "usePathname" is called conditionally. React Hooks must be called in the exact same order in every component render. Did you accidentally call a React Hook after an early return?      [2mreact-hooks/rules-of-hooks[22m[0m
[0m  [2m49:24[22m  [31merror[39m    React Hook "useSearchParams" is called conditionally. React Hooks must be called in the exact same order in every component render. Did you accidentally call a React Hook after an early return?  [2mreact-hooks/rules-of-hooks[22m[0m
[0m  [2m61:47[22m  [31merror[39m    React Hook "useState" is called conditionally. React Hooks must be called in the exact same order in every component render. Did you accidentally call a React Hook after an early return?         [2mreact-hooks/rules-of-hooks[22m[0m
[0m  [2m62:31[22m  [31merror[39m    React Hook "useState" is called conditionally. React Hooks must be called in the exact same order in every component render. Did you accidentally call a React Hook after an early return?         [2mreact-hooks/rules-of-hooks[22m[0m
[0m  [2m63:47[22m  [31merror[39m    React Hook "useState" is called conditionally. React Hooks must be called in the exact same order in every component render. Did you accidentally call a React Hook after an early return?         [2mreact-hooks/rules-of-hooks[22m[0m
[0m  [2m66:20[22m  [31merror[39m    React Hook "useRef" is called conditionally. React Hooks must be called in the exact same order in every component render. Did you accidentally call a React Hook after an early return?           [2mreact-hooks/rules-of-hooks[22m[0m
[0m  [2m67:32[22m  [31merror[39m    React Hook "useRef" is called conditionally. React Hooks must be called in the exact same order in every component render. Did you accidentally call a React Hook after an early return?           [2mreact-hooks/rules-of-hooks[22m[0m
[0m  [2m85:24[22m  [33mwarning[39m  'searchLetters' is defined but never used                                                                                                                                                          [2m@typescript-eslint/no-unused-vars[22m[0m
[0m  [2m94:3[22m   [31merror[39m    React Hook "useEffect" is called conditionally. React Hooks must be called in the exact same order in every component render. Did you accidentally call a React Hook after an early return?        [2mreact-hooks/rules-of-hooks[22m[0m
[0m  [2m98:6[22m   [33mwarning[39m  React Hook useEffect has a missing dependency: 'activeValues'. Either include it or remove the dependency array                                                                                    [2mreact-hooks/exhaustive-deps[22m[0m
[0m[0m
[0m[4m/Users/philiphansen/Documents/dev/github/basepopV2/apps/web/app/appComponents/Footer.tsx[24m[0m
[0m  [2m4:11[22m  [31merror[39m  `'` can be escaped with `&apos;`, `&lsquo;`, `&#39;`, `&rsquo;`  [2mreact/no-unescaped-entities[22m[0m
[0m[0m
[0m[4m/Users/philiphansen/Documents/dev/github/basepopV2/apps/web/app/appComponents/Header.tsx[24m[0m
[0m  [2m4:11[22m  [31merror[39m  `'` can be escaped with `&apos;`, `&lsquo;`, `&#39;`, `&rsquo;`  [2mreact/no-unescaped-entities[22m[0m
[0m[0m
[0m[4m/Users/philiphansen/Documents/dev/github/basepopV2/apps/web/app/dashboard/layout.tsx[24m[0m
[0m  [2m6:10[22m  [33mwarning[39m  'ListFilter' is defined but never used  [2m@typescript-eslint/no-unused-vars[22m[0m
[0m  [2m7:10[22m  [33mwarning[39m  'Toggle' is defined but never used      [2m@typescript-eslint/no-unused-vars[22m[0m
[0m[0m
[0m[4m/Users/philiphansen/Documents/dev/github/basepopV2/apps/web/app/dashboard/shopify/sales/page.tsx[24m[0m
[0m  [2m1:18[22m  [33mwarning[39m  'FilterSelectMultiple' is defined but never used  [2m@typescript-eslint/no-unused-vars[22m[0m
[0m[0m
[0m[4m/Users/philiphansen/Documents/dev/github/basepopV2/apps/web/app/layout.tsx[24m[0m
[0m   [2m4:8[22m  [33mwarning[39m  'Header' is defined but never used          [2m@typescript-eslint/no-unused-vars[22m[0m
[0m   [2m5:8[22m  [33mwarning[39m  'Footer' is defined but never used          [2m@typescript-eslint/no-unused-vars[22m[0m
[0m  [2m10:3[22m  [33mwarning[39m  'SidebarTrigger' is defined but never used  [2m@typescript-eslint/no-unused-vars[22m[0m
[0m[0m
[0m[4m/Users/philiphansen/Documents/dev/github/basepopV2/apps/web/components/ui/dropdown-menu.tsx[24m[0m
[0m  [2m5:39[22m  [33mwarning[39m  'CircleIcon' is defined but never used  [2m@typescript-eslint/no-unused-vars[22m[0m
[0m[0m
[0m[31m[1m✖ 26 problems (11 errors, 15 warnings)[22m[39m[0m
[0m[31m[1m[22m[39m[0m
[41m[30m ELIFECYCLE [39m[49m [31mCommand failed with exit code 1.[39m
